Added Component: Designator=C3(6-0805_M)
Added Component: Designator=C4(6-0805_M)
Added Component: Designator=C5(6-0805_M)
Added Component: Designator=C6(6-0805_M)
Added Component: Designator=C7(6-0805_M)
Added Component: Designator=C8(RAD-0.3)
Added Component: Designator=C9(RAD-0.3)
Added Component: Designator=C12(6-0805_M)
Added Component: Designator=C14(6-0805_M)
Added Component: Designator=C15(6-0805_M)
Added Component: Designator=C16(6-0805_M)
Added Component: Designator=C19(6-0805_M)
Added Component: Designator=CnVCC(HDR1X2)
Added Component: Designator=Cr1(AXIAL-0.3)
Added Component: Designator=Cr2(AXIAL-0.3)
Added Component: Designator=Jen(15-43-8564)
Added Component: Designator=P1(Preset Largo)
Added Component: Designator=P2(Preset Largo)
Added Component: Designator=Pen(HDR1X2)
Added Component: Designator=PG(Preset Largo)
Added Component: Designator=Psal(HDR1X2)
Added Component: Designator=R1(6-0805_L)
Added Component: Designator=R2(6-0805_L)
Added Component: Designator=R3(6-0805_L)
Added Component: Designator=R4(6-0805_L)
Added Component: Designator=R5(6-0805_L)
Added Component: Designator=R6(6-0805_L)
Added Component: Designator=R8(6-0805_L)
Added Component: Designator=R11(6-0805_L)
Added Component: Designator=R14(6-0805_L)
Added Component: Designator=R18(6-0805_L)
Added Component: Designator=R21(6-0805_L)
Added Component: Designator=R23(6-0805_L)
Added Component: Designator=R24(6-0805_L)
Added Component: Designator=R25(6-0805_L)
Added Component: Designator=Ra(6-0805_L)
Added Component: Designator=Rb(6-0805_L)
Added Component: Designator=Reg - TO220(TO-220-AB)
Added Component: Designator=U1(N-8)
Added Component: Designator=U2(Q-14)
Added Pin To Net: NetName=GND Pin=C3-2
Added Pin To Net: NetName=GND Pin=C5-1
Added Pin To Net: NetName=GND Pin=C6-2
Added Pin To Net: NetName=GND Pin=C7-2
Added Pin To Net: NetName=GND Pin=C8-2
Added Pin To Net: NetName=GND Pin=C9-2
Added Pin To Net: NetName=GND Pin=C19-2
Added Pin To Net: NetName=GND Pin=CnVCC-1
Added Pin To Net: NetName=GND Pin=Cr1-2
Added Pin To Net: NetName=GND Pin=Cr2-2
Added Pin To Net: NetName=GND Pin=Jen-4
Added Pin To Net: NetName=GND Pin=Psal-1
Added Pin To Net: NetName=GND Pin=R1-1
Added Pin To Net: NetName=GND Pin=R2-1
Added Pin To Net: NetName=GND Pin=Rb-1
Added Pin To Net: NetName=GND Pin=Reg - TO220-2
Added Pin To Net: NetName=GND Pin=U2-11
Added Net: Name=GND
Added Pin To Net: NetName=NetC3_1 Pin=C3-1
Added Pin To Net: NetName=NetC3_1 Pin=C4-2
Added Net: Name=NetC3_1
Added Pin To Net: NetName=NetC4_1 Pin=C4-1
Added Pin To Net: NetName=NetC4_1 Pin=C5-2
Added Pin To Net: NetName=NetC4_1 Pin=R4-1
Added Pin To Net: NetName=NetC4_1 Pin=U1-3
Added Net: Name=NetC4_1
Added Pin To Net: NetName=NetC6_1 Pin=C6-1
Added Pin To Net: NetName=NetC6_1 Pin=U1-7
Added Net: Name=NetC6_1
Added Pin To Net: NetName=NetC9_1 Pin=C9-1
Added Pin To Net: NetName=NetC9_1 Pin=U2-11
Added Net: Name=NetC9_1
Added Pin To Net: NetName=NetC12_1 Pin=C12-1
Added Pin To Net: NetName=NetC12_1 Pin=R18-1
Added Pin To Net: NetName=NetC12_1 Pin=R21-2
Added Pin To Net: NetName=NetC12_1 Pin=U2-7
Added Net: Name=NetC12_1
Added Pin To Net: NetName=NetC12_2 Pin=C12-2
Added Pin To Net: NetName=NetC12_2 Pin=R11-1
Added Pin To Net: NetName=NetC12_2 Pin=R14-2
Added Net: Name=NetC12_2
Added Pin To Net: NetName=NetC14_1 Pin=C14-1
Added Pin To Net: NetName=NetC14_1 Pin=R14-1
Added Pin To Net: NetName=NetC14_1 Pin=U2-5
Added Net: Name=NetC14_1
Added Pin To Net: NetName=NetC15_1 Pin=C15-1
Added Pin To Net: NetName=NetC15_1 Pin=R21-1
Added Pin To Net: NetName=NetC15_1 Pin=R23-2
Added Net: Name=NetC15_1
Added Pin To Net: NetName=NetC16_1 Pin=C16-1
Added Pin To Net: NetName=NetC16_1 Pin=R25-2
Added Pin To Net: NetName=NetC16_1 Pin=U2-8
Added Net: Name=NetC16_1
Added Pin To Net: NetName=NetC16_2 Pin=C16-2
Added Pin To Net: NetName=NetC16_2 Pin=R24-2
Added Pin To Net: NetName=NetC16_2 Pin=U2-9
Added Net: Name=NetC16_2
Added Pin To Net: NetName=NetCnVCC_2 Pin=CnVCC-2
Added Pin To Net: NetName=NetCnVCC_2 Pin=Cr1-1
Added Pin To Net: NetName=NetCnVCC_2 Pin=Reg - TO220-1
Added Net: Name=NetCnVCC_2
Added Pin To Net: NetName=NetP1_1 Pin=P1-1
Added Pin To Net: NetName=NetP1_1 Pin=P2-3
Added Net: Name=NetP1_1
Added Pin To Net: NetName=NetP1_2 Pin=P1-2
Added Pin To Net: NetName=NetP1_2 Pin=R8-1
Added Net: Name=NetP1_2
Added Pin To Net: NetName=NetP2_1 Pin=P2-1
Added Pin To Net: NetName=NetP2_1 Pin=P2-2
Added Pin To Net: NetName=NetP2_1 Pin=R11-2
Added Pin To Net: NetName=NetP2_1 Pin=U2-1
Added Net: Name=NetP2_1
Added Pin To Net: NetName=NetPG_1 Pin=PG-1
Added Pin To Net: NetName=NetPG_1 Pin=R5-1
Added Pin To Net: NetName=NetPG_1 Pin=U1-8
Added Net: Name=NetPG_1
Added Pin To Net: NetName=NetPG_2 Pin=PG-2
Added Pin To Net: NetName=NetPG_2 Pin=R5-2
Added Pin To Net: NetName=NetPG_2 Pin=U1-1
Added Net: Name=NetPG_2
Added Pin To Net: NetName=NetR3_1 Pin=R3-1
Added Pin To Net: NetName=NetR3_1 Pin=U1-2
Added Net: Name=NetR3_1
Added Pin To Net: NetName=NetR6_1 Pin=R6-1
Added Pin To Net: NetName=NetR6_1 Pin=R8-2
Added Pin To Net: NetName=NetR6_1 Pin=U2-2
Added Net: Name=NetR6_1
Added Pin To Net: NetName=NetR6_2 Pin=R6-2
Added Pin To Net: NetName=NetR6_2 Pin=U1-6
Added Net: Name=NetR6_2
Added Pin To Net: NetName=NetR18_2 Pin=R18-2
Added Pin To Net: NetName=NetR18_2 Pin=U2-6
Added Net: Name=NetR18_2
Added Pin To Net: NetName=NetR23_1 Pin=R23-1
Added Pin To Net: NetName=NetR23_1 Pin=U2-10
Added Net: Name=NetR23_1
Added Pin To Net: NetName=NetRa_1 Pin=Ra-1
Added Pin To Net: NetName=NetRa_1 Pin=Rb-2
Added Pin To Net: NetName=NetRa_1 Pin=U2-12
Added Net: Name=NetRa_1
Added Pin To Net: NetName=VCC Pin=C7-1
Added Pin To Net: NetName=VCC Pin=C8-1
Added Pin To Net: NetName=VCC Pin=Cr2-1
Added Pin To Net: NetName=VCC Pin=Jen-1
Added Pin To Net: NetName=VCC Pin=Ra-2
Added Pin To Net: NetName=VCC Pin=Reg - TO220-3
Added Pin To Net: NetName=VCC Pin=U1-4
Added Pin To Net: NetName=VCC Pin=U2-4
Added Net: Name=VCC
Added Pin To Net: NetName=VE_N Pin=Jen-3
Added Pin To Net: NetName=VE_N Pin=Pen-2
Added Pin To Net: NetName=VE_N Pin=R1-2
Added Pin To Net: NetName=VE_N Pin=R3-2
Added Net: Name=VE_N
Added Pin To Net: NetName=VE_P Pin=Jen-2
Added Pin To Net: NetName=VE_P Pin=Pen-1
Added Pin To Net: NetName=VE_P Pin=R2-2
Added Pin To Net: NetName=VE_P Pin=R4-2
Added Net: Name=VE_P
Added Pin To Net: NetName=VREF Pin=C14-2
Added Pin To Net: NetName=VREF Pin=C15-2
Added Pin To Net: NetName=VREF Pin=U1-5
Added Pin To Net: NetName=VREF Pin=U2-3
Added Pin To Net: NetName=VREF Pin=U2-13
Added Pin To Net: NetName=VREF Pin=U2-14
Added Net: Name=VREF
Added Pin To Net: NetName=VSAL Pin=C19-1
Added Pin To Net: NetName=VSAL Pin=Psal-2
Added Pin To Net: NetName=VSAL Pin=R24-1
Added Pin To Net: NetName=VSAL Pin=R25-1
Added Net: Name=VSAL
Added Member To Class: ClassName=Acondicionamiento_Snl Member=Component C3 Cap
Added Member To Class: ClassName=Acondicionamiento_Snl Member=Component C4 Cap
Added Member To Class: ClassName=Acondicionamiento_Snl Member=Component C5 Cap
Added Member To Class: ClassName=Acondicionamiento_Snl Member=Component C6 Cap
Added Member To Class: ClassName=Acondicionamiento_Snl Member=Component C7 Cap
Added Member To Class: ClassName=Fuente_y_Referencia Member=Component C8 Cap
Added Member To Class: ClassName=Fuente_y_Referencia Member=Component C9 Cap
Added Member To Class: ClassName=Acondicionamiento_Snl Member=Component C12 Cap
Added Member To Class: ClassName=Acondicionamiento_Snl Member=Component C14 Cap
Added Member To Class: ClassName=Acondicionamiento_Snl Member=Component C15 Cap
Added Member To Class: ClassName=Acondicionamiento_Snl Member=Component C16 Cap
Added Member To Class: ClassName=Acondicionamiento_Snl Member=Component C19 Cap
Added Member To Class: ClassName=Fuente_y_Referencia Member=Component CnVCC Header 2
Added Member To Class: ClassName=Fuente_y_Referencia Member=Component Cr1 Cap
Added Member To Class: ClassName=Fuente_y_Referencia Member=Component Cr2 Cap
Added Member To Class: ClassName=Acondicionamiento_Snl Member=Component Jen 15-43-8564
Added Member To Class: ClassName=Acondicionamiento_Snl Member=Component P1 Preset
Added Member To Class: ClassName=Acondicionamiento_Snl Member=Component P2 Preset
Added Member To Class: ClassName=Acondicionamiento_Snl Member=Component Pen Header 2
Added Member To Class: ClassName=Acondicionamiento_Snl Member=Component PG Preset
Added Member To Class: ClassName=Acondicionamiento_Snl Member=Component Psal Header 2
Added Member To Class: ClassName=Acondicionamiento_Snl Member=Component R1 Res1
Added Member To Class: ClassName=Acondicionamiento_Snl Member=Component R2 Res1
Added Member To Class: ClassName=Acondicionamiento_Snl Member=Component R3 Res1
Added Member To Class: ClassName=Acondicionamiento_Snl Member=Component R4 Res1
Added Member To Class: ClassName=Acondicionamiento_Snl Member=Component R5 Res1
Added Member To Class: ClassName=Acondicionamiento_Snl Member=Component R6 Res1
Added Member To Class: ClassName=Acondicionamiento_Snl Member=Component R8 Res1
Added Member To Class: ClassName=Acondicionamiento_Snl Member=Component R11 Res1
Added Member To Class: ClassName=Acondicionamiento_Snl Member=Component R14 Res1
Added Member To Class: ClassName=Acondicionamiento_Snl Member=Component R18 Res1
Added Member To Class: ClassName=Acondicionamiento_Snl Member=Component R21 Res1
Added Member To Class: ClassName=Acondicionamiento_Snl Member=Component R23 Res1
Added Member To Class: ClassName=Acondicionamiento_Snl Member=Component R24 Res1
Added Member To Class: ClassName=Acondicionamiento_Snl Member=Component R25 Res1
Added Member To Class: ClassName=Fuente_y_Referencia Member=Component Ra Res1
Added Member To Class: ClassName=Fuente_y_Referencia Member=Component Rb Res1
Added Member To Class: ClassName=Fuente_y_Referencia Member=Component Reg - TO220 Volt Reg
Added Member To Class: ClassName=Acondicionamiento_Snl Member=Component U1 AD620 / INA122
Added Member To Class: ClassName=Acondicionamiento_Snl Member=Component U2 MC34074
Added Room: Name=Acondicionamiento_Snl
Added Room: Name=Fuente_y_Referencia
