Change Component Footprint: Designator=Reg Old Footprint=D2PAK_N New Footprint=TO-220-AB
Change Component Designator: OldDesignator=Reg NewDesignator=Reg - TO220
Added Component: Designator=U1(DIP-8)
Added Component: Designator=U2(DIP-14)
Added Pin To Net: NetName=NetR5_2 Pin=U1-1
Added Pin To Net: NetName=NetC3_1 Pin=U1-2
Added Pin To Net: NetName=NetC4_1 Pin=U1-3
Added Pin To Net: NetName=GND Pin=U1-4
Added Pin To Net: NetName=GND Pin=U1-5
Added Pin To Net: NetName=NetR6_1 Pin=U1-6
Added Pin To Net: NetName=VCC Pin=U1-7
Added Pin To Net: NetName=NetR5_1 Pin=U1-8
Added Pin To Net: NetName=NetP2_2 Pin=U2-1
Added Pin To Net: NetName=NetR6_2 Pin=U2-2
Added Pin To Net: NetName=GND Pin=U2-3
Added Pin To Net: NetName=VCC Pin=U2-4
Added Pin To Net: NetName=NetC14_1 Pin=U2-5
Added Pin To Net: NetName=NetR18_1 Pin=U2-6
Added Pin To Net: NetName=NetC12_1 Pin=U2-7
Added Pin To Net: NetName=NetC16_2 Pin=U2-8
Added Pin To Net: NetName=NetC16_1 Pin=U2-9
Added Pin To Net: NetName=NetR23_2 Pin=U2-10
Added Pin To Net: NetName=GND Pin=U2-11
Added Member To Class: ClassName=Acondicionamiento_Presion Member=Component U1 AD620 / INA122
Added Member To Class: ClassName=Acondicionamiento_Presion Member=Component U2 MC34074
