Added Component: Designator=C3(RAD-0.3)
Added Component: Designator=C4(RAD-0.3)
Added Component: Designator=C5(RAD-0.3)
Added Component: Designator=C6(RAD-0.3)
Added Component: Designator=C7(RAD-0.3)
Added Component: Designator=C9(RAD-0.3)
Added Component: Designator=C12(RAD-0.3)
Added Component: Designator=C14(RAD-0.3)
Added Component: Designator=C15(RAD-0.3)
Added Component: Designator=C16(RAD-0.3)
Added Component: Designator=C17(RAD-0.3)
Added Component: Designator=C19(RAD-0.3)
Added Component: Designator=C27(RAD-0.3)
Added Component: Designator=Cr1(RAD-0.3)
Added Component: Designator=Cr2(RAD-0.3)
Added Component: Designator=JI(15-43-8564)
Added Component: Designator=P2(VR5)
Added Component: Designator=P_Correccion(MHDR1X2)
Added Component: Designator=P_Filtro(MHDR1X2)
Added Component: Designator=P_Instrum(MHDR1X2)
Added Component: Designator=P_Salida(MHDR1X2)
Added Component: Designator=R1(AXIAL-0.4)
Added Component: Designator=R2(AXIAL-0.4)
Added Component: Designator=R3(AXIAL-0.4)
Added Component: Designator=R4(AXIAL-0.4)
Added Component: Designator=R5(AXIAL-0.4)
Added Component: Designator=R6(AXIAL-0.4)
Added Component: Designator=R8_9(AXIAL-0.4)
Added Component: Designator=R11(AXIAL-0.4)
Added Component: Designator=R14(AXIAL-0.4)
Added Component: Designator=R18(AXIAL-0.4)
Added Component: Designator=R21(AXIAL-0.4)
Added Component: Designator=R23(AXIAL-0.4)
Added Component: Designator=R24(AXIAL-0.4)
Added Component: Designator=R25(AXIAL-0.4)
Added Component: Designator=Reg - TO220(TO-220-AB)
Added Component: Designator=U1(DIP-8)
Added Component: Designator=U2(DIP-14)
Added Component: Designator=VCC(HDR1X2)
Added Pin To Net: NetName=GND Pin=C3-2
Added Pin To Net: NetName=GND Pin=C5-1
Added Pin To Net: NetName=GND Pin=C6-2
Added Pin To Net: NetName=GND Pin=C7-1
Added Pin To Net: NetName=GND Pin=C7-2
Added Pin To Net: NetName=GND Pin=C9-2
Added Pin To Net: NetName=GND Pin=C14-2
Added Pin To Net: NetName=GND Pin=C15-2
Added Pin To Net: NetName=GND Pin=C17-1
Added Pin To Net: NetName=GND Pin=C17-2
Added Pin To Net: NetName=GND Pin=C19-2
Added Pin To Net: NetName=GND Pin=C27-1
Added Pin To Net: NetName=GND Pin=C27-2
Added Pin To Net: NetName=GND Pin=Cr1-2
Added Pin To Net: NetName=GND Pin=Cr2-2
Added Pin To Net: NetName=GND Pin=JI-4
Added Pin To Net: NetName=GND Pin=P_Correccion-2
Added Pin To Net: NetName=GND Pin=P_Filtro-2
Added Pin To Net: NetName=GND Pin=P_Instrum-2
Added Pin To Net: NetName=GND Pin=P_Salida-2
Added Pin To Net: NetName=GND Pin=R1-1
Added Pin To Net: NetName=GND Pin=R2-1
Added Pin To Net: NetName=GND Pin=Reg - TO220-2
Added Pin To Net: NetName=GND Pin=U1-4
Added Pin To Net: NetName=GND Pin=U1-5
Added Pin To Net: NetName=GND Pin=U2-3
Added Pin To Net: NetName=GND Pin=U2-11
Added Pin To Net: NetName=GND Pin=VCC-1
Added Net: Name=GND
Added Pin To Net: NetName=NetC3_1 Pin=C3-1
Added Pin To Net: NetName=NetC3_1 Pin=C4-2
Added Pin To Net: NetName=NetC3_1 Pin=R3-2
Added Pin To Net: NetName=NetC3_1 Pin=U1-2
Added Net: Name=NetC3_1
Added Pin To Net: NetName=NetC4_1 Pin=C4-1
Added Pin To Net: NetName=NetC4_1 Pin=C5-2
Added Pin To Net: NetName=NetC4_1 Pin=R4-2
Added Pin To Net: NetName=NetC4_1 Pin=U1-3
Added Net: Name=NetC4_1
Added Pin To Net: NetName=NetC12_1 Pin=C12-1
Added Pin To Net: NetName=NetC12_1 Pin=P_Filtro-1
Added Pin To Net: NetName=NetC12_1 Pin=R18-2
Added Pin To Net: NetName=NetC12_1 Pin=R21-1
Added Pin To Net: NetName=NetC12_1 Pin=U2-7
Added Net: Name=NetC12_1
Added Pin To Net: NetName=NetC12_2 Pin=C12-2
Added Pin To Net: NetName=NetC12_2 Pin=R11-2
Added Pin To Net: NetName=NetC12_2 Pin=R14-1
Added Net: Name=NetC12_2
Added Pin To Net: NetName=NetC14_1 Pin=C14-1
Added Pin To Net: NetName=NetC14_1 Pin=R14-2
Added Pin To Net: NetName=NetC14_1 Pin=U2-5
Added Net: Name=NetC14_1
Added Pin To Net: NetName=NetC15_1 Pin=C15-1
Added Pin To Net: NetName=NetC15_1 Pin=R21-2
Added Pin To Net: NetName=NetC15_1 Pin=R23-1
Added Net: Name=NetC15_1
Added Pin To Net: NetName=NetC16_1 Pin=C16-1
Added Pin To Net: NetName=NetC16_1 Pin=C19-1
Added Pin To Net: NetName=NetC16_1 Pin=R24-1
Added Pin To Net: NetName=NetC16_1 Pin=U2-9
Added Net: Name=NetC16_1
Added Pin To Net: NetName=NetC16_2 Pin=C16-2
Added Pin To Net: NetName=NetC16_2 Pin=R25-1
Added Pin To Net: NetName=NetC16_2 Pin=U2-8
Added Net: Name=NetC16_2
Added Pin To Net: NetName=NetCr1_1 Pin=Cr1-1
Added Pin To Net: NetName=NetCr1_1 Pin=Reg - TO220-1
Added Pin To Net: NetName=NetCr1_1 Pin=VCC-2
Added Net: Name=NetCr1_1
Added Pin To Net: NetName=NetJI_2 Pin=JI-2
Added Pin To Net: NetName=NetJI_2 Pin=R2-2
Added Pin To Net: NetName=NetJI_2 Pin=R4-1
Added Net: Name=NetJI_2
Added Pin To Net: NetName=NetJI_3 Pin=JI-3
Added Pin To Net: NetName=NetJI_3 Pin=R1-2
Added Pin To Net: NetName=NetJI_3 Pin=R3-1
Added Net: Name=NetJI_3
Added Pin To Net: NetName=NetP2_1 Pin=P2-1
Added Pin To Net: NetName=NetP2_1 Pin=R8_9-2
Added Net: Name=NetP2_1
Added Pin To Net: NetName=NetP2_2 Pin=P2-2
Added Pin To Net: NetName=NetP2_2 Pin=P2-3
Added Pin To Net: NetName=NetP2_2 Pin=P_Correccion-1
Added Pin To Net: NetName=NetP2_2 Pin=R11-1
Added Pin To Net: NetName=NetP2_2 Pin=U2-1
Added Net: Name=NetP2_2
Added Pin To Net: NetName=NetP_Instrum_1 Pin=P_Instrum-1
Added Pin To Net: NetName=NetP_Instrum_1 Pin=R6-1
Added Pin To Net: NetName=NetP_Instrum_1 Pin=U1-6
Added Net: Name=NetP_Instrum_1
Added Pin To Net: NetName=NetP_Salida_1 Pin=P_Salida-1
Added Pin To Net: NetName=NetP_Salida_1 Pin=R24-2
Added Pin To Net: NetName=NetP_Salida_1 Pin=R25-2
Added Net: Name=NetP_Salida_1
Added Pin To Net: NetName=NetR5_1 Pin=R5-1
Added Pin To Net: NetName=NetR5_1 Pin=U1-8
Added Net: Name=NetR5_1
Added Pin To Net: NetName=NetR5_2 Pin=R5-2
Added Pin To Net: NetName=NetR5_2 Pin=U1-1
Added Net: Name=NetR5_2
Added Pin To Net: NetName=NetR6_2 Pin=R6-2
Added Pin To Net: NetName=NetR6_2 Pin=R8_9-1
Added Pin To Net: NetName=NetR6_2 Pin=U2-2
Added Net: Name=NetR6_2
Added Pin To Net: NetName=NetR18_1 Pin=R18-1
Added Pin To Net: NetName=NetR18_1 Pin=U2-6
Added Net: Name=NetR18_1
Added Pin To Net: NetName=NetR23_2 Pin=R23-2
Added Pin To Net: NetName=NetR23_2 Pin=U2-10
Added Net: Name=NetR23_2
Added Pin To Net: NetName=VCC Pin=C6-1
Added Pin To Net: NetName=VCC Pin=Cr2-1
Added Pin To Net: NetName=VCC Pin=JI-1
Added Pin To Net: NetName=VCC Pin=Reg - TO220-3
Added Pin To Net: NetName=VCC Pin=U1-7
Added Pin To Net: NetName=VCC Pin=U2-4
Added Net: Name=VCC
Added Member To Class: ClassName=Acondicionamiento_Presion Member=Component C3 Cap
Added Member To Class: ClassName=Acondicionamiento_Presion Member=Component C4 Cap
Added Member To Class: ClassName=Acondicionamiento_Presion Member=Component C5 Cap
Added Member To Class: ClassName=Acondicionamiento_Presion Member=Component C6 Cap
Added Member To Class: ClassName=Acondicionamiento_Presion Member=Component C7 Cap
Added Member To Class: ClassName=Acondicionamiento_Presion Member=Component C9 Cap
Added Member To Class: ClassName=Acondicionamiento_Presion Member=Component C12 Cap
Added Member To Class: ClassName=Acondicionamiento_Presion Member=Component C14 Cap
Added Member To Class: ClassName=Acondicionamiento_Presion Member=Component C15 Cap
Added Member To Class: ClassName=Acondicionamiento_Presion Member=Component C16 Cap
Added Member To Class: ClassName=Acondicionamiento_Presion Member=Component C17 Cap
Added Member To Class: ClassName=Acondicionamiento_Presion Member=Component C19 Cap
Added Member To Class: ClassName=Acondicionamiento_Presion Member=Component C27 Cap
Added Member To Class: ClassName=Acondicionamiento_Presion Member=Component Cr1 Cap
Added Member To Class: ClassName=Acondicionamiento_Presion Member=Component Cr2 Cap
Added Member To Class: ClassName=Acondicionamiento_Presion Member=Component JI 15-43-8564
Added Member To Class: ClassName=Acondicionamiento_Presion Member=Component P2 RPot
Added Member To Class: ClassName=Acondicionamiento_Presion Member=Component P_Correccion MHDR1X2
Added Member To Class: ClassName=Acondicionamiento_Presion Member=Component P_Filtro MHDR1X2
Added Member To Class: ClassName=Acondicionamiento_Presion Member=Component P_Instrum MHDR1X2
Added Member To Class: ClassName=Acondicionamiento_Presion Member=Component P_Salida MHDR1X2
Added Member To Class: ClassName=Acondicionamiento_Presion Member=Component R1 Res2
Added Member To Class: ClassName=Acondicionamiento_Presion Member=Component R2 Res2
Added Member To Class: ClassName=Acondicionamiento_Presion Member=Component R3 Res2
Added Member To Class: ClassName=Acondicionamiento_Presion Member=Component R4 Res2
Added Member To Class: ClassName=Acondicionamiento_Presion Member=Component R5 Res2
Added Member To Class: ClassName=Acondicionamiento_Presion Member=Component R6 Res2
Added Member To Class: ClassName=Acondicionamiento_Presion Member=Component R8_9 Res2
Added Member To Class: ClassName=Acondicionamiento_Presion Member=Component R11 Res2
Added Member To Class: ClassName=Acondicionamiento_Presion Member=Component R14 Res2
Added Member To Class: ClassName=Acondicionamiento_Presion Member=Component R18 Res2
Added Member To Class: ClassName=Acondicionamiento_Presion Member=Component R21 Res2
Added Member To Class: ClassName=Acondicionamiento_Presion Member=Component R23 Res2
Added Member To Class: ClassName=Acondicionamiento_Presion Member=Component R24 Res2
Added Member To Class: ClassName=Acondicionamiento_Presion Member=Component R25 Res2
Added Member To Class: ClassName=Acondicionamiento_Presion Member=Component Reg - TO220 Volt Reg
Added Member To Class: ClassName=Acondicionamiento_Presion Member=Component U1 AD620 / INA122
Added Member To Class: ClassName=Acondicionamiento_Presion Member=Component U2 MC34074
Added Member To Class: ClassName=Acondicionamiento_Presion Member=Component VCC Header 2
Added Room: Name=Acondicionamiento_Presion
